feb 17, 2014 9:20:26 PM org.apache.catalina.core.AprLifecycleListener init
INFO: The APR based Apache Tomcat Native library which allows optimal performance in production environments was not found on the java.library.path: /Users/Anne/Library/Java/Extensions:/Library/Java/Extensions:/Network/Library/Java/Extensions:/System/Library/Java/Extensions:/usr/lib/java:.
feb 17, 2014 9:20:29 PM org.apache.coyote.http11.Http11Protocol init
INFO: Initializing Coyote HTTP/1.1 on http-8080
feb 17, 2014 9:20:29 PM org.apache.catalina.startup.Catalina load
INFO: Initialization processed in 3832 ms
feb 17, 2014 9:20:29 PM org.apache.catalina.core.StandardService start
INFO: Starting service Catalina
feb 17, 2014 9:20:29 PM org.apache.catalina.core.StandardEngine start
INFO: Starting Servlet Engine: Apache Tomcat/6.0.39
feb 17, 2014 9:20:29 PM org.apache.catalina.startup.HostConfig deployWAR
INFO: Deploying web application archive axis2.war
feb 17, 2014 9:20:38 PM org.apache.catalina.startup.HostConfig deployDirectory
INFO: Deploying web application directory docs
feb 17, 2014 9:20:39 PM org.apache.catalina.startup.HostConfig deployDirectory
INFO: Deploying web application directory examples
feb 17, 2014 9:20:39 PM org.apache.catalina.startup.HostConfig deployDirectory
INFO: Deploying web application directory host-manager
feb 17, 2014 9:20:39 PM org.apache.catalina.startup.HostConfig deployDirectory
INFO: Deploying web application directory manager
feb 17, 2014 9:20:39 PM org.apache.catalina.startup.HostConfig deployDirectory
INFO: Deploying web application directory ROOT
feb 17, 2014 9:20:39 PM org.apache.coyote.http11.Http11Protocol start
INFO: Starting Coyote HTTP/1.1 on http-8080
feb 17, 2014 9:20:39 PM org.apache.jk.common.ChannelSocket init
INFO: JK: ajp13 listening on /0.0.0.0:8009
feb 17, 2014 9:20:39 PM org.apache.jk.server.JkMain start
INFO: Jk running ID=0 time=0/80  config=null
feb 17, 2014 9:20:39 PM org.apache.catalina.startup.Catalina start
INFO: Server startup in 10204 ms
feb 17, 2014 9:48:58 PM org.apache.coyote.http11.Http11Protocol pause
INFO: Pausing Coyote HTTP/1.1 on http-8080
feb 17, 2014 9:49:00 PM org.apache.catalina.core.StandardService stop
INFO: Stopping service Catalina
feb 17, 2014 9:49:00 PM org.apache.catalina.loader.WebappClassLoader checkThreadLocalMapForLeaks
SEVERE: The web application [/axis2] created a ThreadLocal with key of type [org.apache.axiom.util.UIDGenerator$1] (value [org.apache.axiom.util.UIDGenerator$1@3a71309f]) and a value of type [long[]] (value [[J@5d2f34b2]) but failed to remove it when the web application was stopped. This is very likely to create a memory leak.
feb 17, 2014 9:49:00 PM org.apache.catalina.loader.WebappClassLoader checkThreadLocalMapForLeaks
SEVERE: The web application [/axis2] created a ThreadLocal with key of type [org.apache.axiom.util.UIDGenerator$1] (value [org.apache.axiom.util.UIDGenerator$1@3a71309f]) and a value of type [long[]] (value [[J@462cc1e9]) but failed to remove it when the web application was stopped. This is very likely to create a memory leak.
feb 17, 2014 9:49:00 PM org.apache.catalina.loader.WebappClassLoader checkThreadLocalMapForLeaks
SEVERE: The web application [/axis2] created a ThreadLocal with key of type [org.apache.axiom.util.UIDGenerator$1] (value [org.apache.axiom.util.UIDGenerator$1@3a71309f]) and a value of type [long[]] (value [[J@246ecbfd]) but failed to remove it when the web application was stopped. This is very likely to create a memory leak.
feb 17, 2014 9:49:01 PM org.apache.coyote.http11.Http11Protocol destroy
INFO: Stopping Coyote HTTP/1.1 on http-8080
