feb 18, 2014 8:13:01 AM org.apache.catalina.core.AprLifecycleListener init
INFO: The APR based Apache Tomcat Native library which allows optimal performance in production environments was not found on the java.library.path: /Users/Anne/Library/Java/Extensions:/Library/Java/Extensions:/Network/Library/Java/Extensions:/System/Library/Java/Extensions:/usr/lib/java:.
feb 18, 2014 8:13:03 AM org.apache.coyote.http11.Http11Protocol init
INFO: Initializing Coyote HTTP/1.1 on http-8080
feb 18, 2014 8:13:03 AM org.apache.catalina.startup.Catalina load
INFO: Initialization processed in 3108 ms
feb 18, 2014 8:13:03 AM org.apache.catalina.core.StandardService start
INFO: Starting service Catalina
feb 18, 2014 8:13:03 AM org.apache.catalina.core.StandardEngine start
INFO: Starting Servlet Engine: Apache Tomcat/6.0.39
feb 18, 2014 8:13:03 AM org.apache.catalina.startup.HostConfig deployDescriptor
INFO: Deploying configuration descriptor host-manager.xml
feb 18, 2014 8:13:04 AM org.apache.catalina.startup.HostConfig deployDescriptor
INFO: Deploying configuration descriptor manager.xml
feb 18, 2014 8:13:04 AM org.apache.catalina.startup.HostConfig deployWAR
INFO: Deploying web application archive axis2.war
feb 18, 2014 8:13:08 AM org.apache.catalina.startup.HostConfig deployDirectory
INFO: Deploying web application directory docs
feb 18, 2014 8:13:08 AM org.apache.catalina.startup.HostConfig deployDirectory
INFO: Deploying web application directory examples
feb 18, 2014 8:13:09 AM org.apache.catalina.startup.HostConfig deployDirectory
INFO: Deploying web application directory ROOT
feb 18, 2014 8:13:09 AM org.apache.coyote.http11.Http11Protocol start
INFO: Starting Coyote HTTP/1.1 on http-8080
feb 18, 2014 8:13:09 AM org.apache.jk.common.ChannelSocket init
INFO: JK: ajp13 listening on /0.0.0.0:8009
feb 18, 2014 8:13:09 AM org.apache.jk.server.JkMain start
INFO: Jk running ID=0 time=0/21  config=null
feb 18, 2014 8:13:09 AM org.apache.catalina.startup.Catalina start
INFO: Server startup in 5692 ms
feb 18, 2014 9:38:13 AM org.apache.coyote.http11.Http11Protocol pause
INFO: Pausing Coyote HTTP/1.1 on http-8080
feb 18, 2014 9:38:15 AM org.apache.catalina.core.StandardService stop
INFO: Stopping service Catalina
feb 18, 2014 9:38:15 AM org.apache.catalina.loader.WebappClassLoader checkThreadLocalMapForLeaks
SEVERE: The web application [/axis2] created a ThreadLocal with key of type [org.apache.axiom.util.UIDGenerator$1] (value [org.apache.axiom.util.UIDGenerator$1@97e2437]) and a value of type [long[]] (value [[J@387b9bbf]) but failed to remove it when the web application was stopped. This is very likely to create a memory leak.
feb 18, 2014 9:38:16 AM org.apache.coyote.http11.Http11Protocol destroy
INFO: Stopping Coyote HTTP/1.1 on http-8080
feb 18, 2014 10:48:21 AM org.apache.catalina.core.AprLifecycleListener init
INFO: The APR based Apache Tomcat Native library which allows optimal performance in production environments was not found on the java.library.path: /Users/Anne/Library/Java/Extensions:/Library/Java/Extensions:/Network/Library/Java/Extensions:/System/Library/Java/Extensions:/usr/lib/java:.
feb 18, 2014 10:48:22 AM org.apache.coyote.http11.Http11Protocol init
INFO: Initializing Coyote HTTP/1.1 on http-8080
feb 18, 2014 10:48:22 AM org.apache.catalina.startup.Catalina load
INFO: Initialization processed in 2341 ms
feb 18, 2014 10:48:23 AM org.apache.catalina.core.StandardService start
INFO: Starting service Catalina
feb 18, 2014 10:48:23 AM org.apache.catalina.core.StandardEngine start
INFO: Starting Servlet Engine: Apache Tomcat/6.0.39
feb 18, 2014 10:48:23 AM org.apache.catalina.startup.HostConfig deployDescriptor
INFO: Deploying configuration descriptor host-manager.xml
feb 18, 2014 10:48:23 AM org.apache.catalina.startup.HostConfig deployDescriptor
INFO: Deploying configuration descriptor manager.xml
feb 18, 2014 10:48:23 AM org.apache.catalina.startup.HostConfig deployWAR
INFO: Deploying web application archive axis2.war
feb 18, 2014 10:48:27 AM org.apache.catalina.startup.HostConfig deployDirectory
INFO: Deploying web application directory docs
feb 18, 2014 10:48:27 AM org.apache.catalina.startup.HostConfig deployDirectory
INFO: Deploying web application directory examples
feb 18, 2014 10:48:27 AM org.apache.catalina.startup.HostConfig deployDirectory
INFO: Deploying web application directory ROOT
feb 18, 2014 10:48:27 AM org.apache.coyote.http11.Http11Protocol start
INFO: Starting Coyote HTTP/1.1 on http-8080
feb 18, 2014 10:48:27 AM org.apache.jk.common.ChannelSocket init
INFO: JK: ajp13 listening on /0.0.0.0:8009
feb 18, 2014 10:48:27 AM org.apache.jk.server.JkMain start
INFO: Jk running ID=0 time=0/17  config=null
feb 18, 2014 10:48:27 AM org.apache.catalina.startup.Catalina start
INFO: Server startup in 4807 ms
feb 18, 2014 10:55:05 AM org.apache.coyote.http11.Http11Protocol pause
INFO: Pausing Coyote HTTP/1.1 on http-8080
feb 18, 2014 10:55:06 AM org.apache.catalina.core.StandardService stop
INFO: Stopping service Catalina
feb 18, 2014 10:55:07 AM org.apache.catalina.loader.WebappClassLoader clearReferencesThreads
SEVERE: The web application [/axis2] appears to have started a thread named [File Reaper] but has failed to stop it. This is very likely to create a memory leak.
feb 18, 2014 10:55:07 AM org.apache.catalina.loader.WebappClassLoader checkThreadLocalMapForLeaks
SEVERE: The web application [/axis2] created a ThreadLocal with key of type [org.apache.axiom.util.UIDGenerator$1] (value [org.apache.axiom.util.UIDGenerator$1@3af6513c]) and a value of type [long[]] (value [[J@14f5862]) but failed to remove it when the web application was stopped. This is very likely to create a memory leak.
feb 18, 2014 10:55:07 AM org.apache.coyote.http11.Http11Protocol destroy
INFO: Stopping Coyote HTTP/1.1 on http-8080
feb 18, 2014 11:06:10 AM org.apache.catalina.core.AprLifecycleListener init
INFO: The APR based Apache Tomcat Native library which allows optimal performance in production environments was not found on the java.library.path: /Users/Anne/Library/Java/Extensions:/Library/Java/Extensions:/Network/Library/Java/Extensions:/System/Library/Java/Extensions:/usr/lib/java:.
feb 18, 2014 11:06:11 AM org.apache.coyote.http11.Http11Protocol init
INFO: Initializing Coyote HTTP/1.1 on http-8080
feb 18, 2014 11:06:11 AM org.apache.catalina.startup.Catalina load
INFO: Initialization processed in 722 ms
feb 18, 2014 11:06:11 AM org.apache.catalina.core.StandardService start
INFO: Starting service Catalina
feb 18, 2014 11:06:11 AM org.apache.catalina.core.StandardEngine start
INFO: Starting Servlet Engine: Apache Tomcat/6.0.39
feb 18, 2014 11:06:11 AM org.apache.catalina.startup.HostConfig deployDescriptor
INFO: Deploying configuration descriptor host-manager.xml
feb 18, 2014 11:06:11 AM org.apache.catalina.startup.HostConfig deployDescriptor
INFO: Deploying configuration descriptor manager.xml
feb 18, 2014 11:06:11 AM org.apache.catalina.startup.HostConfig deployWAR
INFO: Deploying web application archive axis2.war
feb 18, 2014 11:06:12 AM org.apache.catalina.startup.HostConfig deployDirectory
INFO: Deploying web application directory docs
feb 18, 2014 11:06:12 AM org.apache.catalina.startup.HostConfig deployDirectory
INFO: Deploying web application directory examples
feb 18, 2014 11:06:13 AM org.apache.catalina.startup.HostConfig deployDirectory
INFO: Deploying web application directory ROOT
feb 18, 2014 11:06:13 AM org.apache.coyote.http11.Http11Protocol start
INFO: Starting Coyote HTTP/1.1 on http-8080
feb 18, 2014 11:06:13 AM org.apache.jk.common.ChannelSocket init
INFO: JK: ajp13 listening on /0.0.0.0:8009
feb 18, 2014 11:06:13 AM org.apache.jk.server.JkMain start
INFO: Jk running ID=0 time=0/21  config=null
feb 18, 2014 11:06:13 AM org.apache.catalina.startup.Catalina start
INFO: Server startup in 1989 ms
