mrt 07, 2014 3:18:11 PM org.apache.catalina.core.AprLifecycleListener init
INFO: The APR based Apache Tomcat Native library which allows optimal performance in production environments was not found on the java.library.path: /Users/Anne/Library/Java/Extensions:/Library/Java/Extensions:/Network/Library/Java/Extensions:/System/Library/Java/Extensions:/usr/lib/java:.
mrt 07, 2014 3:18:13 PM org.apache.coyote.http11.Http11Protocol init
INFO: Initializing Coyote HTTP/1.1 on http-8080
mrt 07, 2014 3:18:13 PM org.apache.catalina.startup.Catalina load
INFO: Initialization processed in 3408 ms
mrt 07, 2014 3:18:13 PM org.apache.catalina.core.StandardService start
INFO: Starting service Catalina
mrt 07, 2014 3:18:13 PM org.apache.catalina.core.StandardEngine start
INFO: Starting Servlet Engine: Apache Tomcat/6.0.39
mrt 07, 2014 3:18:13 PM org.apache.catalina.startup.HostConfig deployDescriptor
INFO: Deploying configuration descriptor host-manager.xml
mrt 07, 2014 3:18:14 PM org.apache.catalina.startup.HostConfig deployDescriptor
INFO: Deploying configuration descriptor manager.xml
mrt 07, 2014 3:18:14 PM org.apache.catalina.startup.HostConfig deployWAR
INFO: Deploying web application archive axis2.war
mrt 07, 2014 3:18:19 PM org.apache.catalina.startup.HostConfig deployDirectory
INFO: Deploying web application directory docs
mrt 07, 2014 3:18:19 PM org.apache.catalina.startup.HostConfig deployDirectory
INFO: Deploying web application directory examples
mrt 07, 2014 3:18:19 PM org.apache.catalina.startup.HostConfig deployDirectory
INFO: Deploying web application directory ROOT
mrt 07, 2014 3:18:19 PM org.apache.coyote.http11.Http11Protocol start
INFO: Starting Coyote HTTP/1.1 on http-8080
mrt 07, 2014 3:18:19 PM org.apache.jk.common.ChannelSocket init
INFO: JK: ajp13 listening on /0.0.0.0:8009
mrt 07, 2014 3:18:19 PM org.apache.jk.server.JkMain start
INFO: Jk running ID=0 time=0/18  config=null
mrt 07, 2014 3:18:19 PM org.apache.catalina.startup.Catalina start
INFO: Server startup in 6142 ms
mrt 07, 2014 3:24:39 PM org.apache.catalina.startup.HostConfig deployDirectory
INFO: Deploying web application directory BookFlightService
mrt 07, 2014 6:49:45 PM org.apache.coyote.http11.Http11Protocol pause
INFO: Pausing Coyote HTTP/1.1 on http-8080
mrt 07, 2014 6:49:46 PM org.apache.catalina.core.StandardService stop
INFO: Stopping service Catalina
mrt 07, 2014 6:49:46 PM org.apache.catalina.loader.WebappClassLoader clearReferencesThreads
SEVERE: The web application [/axis2] appears to have started a thread named [File Reaper] but has failed to stop it. This is very likely to create a memory leak.
mrt 07, 2014 6:49:46 PM org.apache.catalina.loader.WebappClassLoader checkThreadLocalMapForLeaks
SEVERE: The web application [/axis2] created a ThreadLocal with key of type [org.apache.axiom.util.UIDGenerator$1] (value [org.apache.axiom.util.UIDGenerator$1@701c2917]) and a value of type [long[]] (value [[J@48cdde81]) but failed to remove it when the web application was stopped. This is very likely to create a memory leak.
mrt 07, 2014 6:49:47 PM org.apache.coyote.http11.Http11Protocol destroy
INFO: Stopping Coyote HTTP/1.1 on http-8080
mrt 07, 2014 8:46:44 PM org.apache.catalina.core.AprLifecycleListener init
INFO: The APR based Apache Tomcat Native library which allows optimal performance in production environments was not found on the java.library.path: /Users/Anne/Library/Java/Extensions:/Library/Java/Extensions:/Network/Library/Java/Extensions:/System/Library/Java/Extensions:/usr/lib/java:.
mrt 07, 2014 8:46:47 PM org.apache.coyote.http11.Http11Protocol init
INFO: Initializing Coyote HTTP/1.1 on http-8080
mrt 07, 2014 8:46:47 PM org.apache.catalina.startup.Catalina load
INFO: Initialization processed in 3021 ms
mrt 07, 2014 8:46:47 PM org.apache.catalina.core.StandardService start
INFO: Starting service Catalina
mrt 07, 2014 8:46:47 PM org.apache.catalina.core.StandardEngine start
INFO: Starting Servlet Engine: Apache Tomcat/6.0.39
mrt 07, 2014 8:46:47 PM org.apache.catalina.startup.HostConfig deployDescriptor
INFO: Deploying configuration descriptor host-manager.xml
mrt 07, 2014 8:46:48 PM org.apache.catalina.startup.HostConfig deployDescriptor
INFO: Deploying configuration descriptor manager.xml
mrt 07, 2014 8:46:48 PM org.apache.catalina.startup.HostConfig deployWAR
INFO: Deploying web application archive axis2.war
mrt 07, 2014 8:46:53 PM org.apache.catalina.startup.HostConfig deployDirectory
INFO: Deploying web application directory BookFlightService
mrt 07, 2014 8:46:53 PM org.apache.catalina.startup.HostConfig deployDirectory
INFO: Deploying web application directory docs
mrt 07, 2014 8:46:53 PM org.apache.catalina.startup.HostConfig deployDirectory
INFO: Deploying web application directory examples
mrt 07, 2014 8:46:53 PM org.apache.catalina.startup.HostConfig deployDirectory
INFO: Deploying web application directory ROOT
mrt 07, 2014 8:46:53 PM org.apache.coyote.http11.Http11Protocol start
INFO: Starting Coyote HTTP/1.1 on http-8080
mrt 07, 2014 8:46:53 PM org.apache.jk.common.ChannelSocket init
INFO: JK: ajp13 listening on /0.0.0.0:8009
mrt 07, 2014 8:46:53 PM org.apache.jk.server.JkMain start
INFO: Jk running ID=0 time=0/34  config=null
mrt 07, 2014 8:46:53 PM org.apache.catalina.startup.Catalina start
INFO: Server startup in 6501 ms
mrt 07, 2014 10:09:42 PM org.apache.coyote.http11.Http11Protocol pause
INFO: Pausing Coyote HTTP/1.1 on http-8080
mrt 07, 2014 10:09:43 PM org.apache.catalina.core.StandardService stop
INFO: Stopping service Catalina
mrt 07, 2014 10:09:44 PM org.apache.catalina.loader.WebappClassLoader checkThreadLocalMapForLeaks
SEVERE: The web application [/axis2] created a ThreadLocal with key of type [org.apache.axiom.util.UIDGenerator$1] (value [org.apache.axiom.util.UIDGenerator$1@6f43707d]) and a value of type [long[]] (value [[J@348e579c]) but failed to remove it when the web application was stopped. This is very likely to create a memory leak.
mrt 07, 2014 10:09:45 PM org.apache.coyote.http11.Http11Protocol destroy
INFO: Stopping Coyote HTTP/1.1 on http-8080
