feb 18, 2014 8:13:09 AM org.apache.catalina.core.ApplicationContext log
INFO: ContextListener: contextInitialized()
feb 18, 2014 8:13:09 AM org.apache.catalina.core.ApplicationContext log
INFO: SessionListener: contextInitialized()
feb 18, 2014 9:38:15 AM org.apache.catalina.core.ApplicationContext log
INFO: SessionListener: contextDestroyed()
feb 18, 2014 9:38:15 AM org.apache.catalina.core.ApplicationContext log
INFO: ContextListener: contextDestroyed()
feb 18, 2014 10:48:27 AM org.apache.catalina.core.ApplicationContext log
INFO: ContextListener: contextInitialized()
feb 18, 2014 10:48:27 AM org.apache.catalina.core.ApplicationContext log
INFO: SessionListener: contextInitialized()
feb 18, 2014 10:55:07 AM org.apache.catalina.core.ApplicationContext log
INFO: SessionListener: contextDestroyed()
feb 18, 2014 10:55:07 AM org.apache.catalina.core.ApplicationContext log
INFO: ContextListener: contextDestroyed()
feb 18, 2014 11:06:13 AM org.apache.catalina.core.ApplicationContext log
INFO: ContextListener: contextInitialized()
feb 18, 2014 11:06:13 AM org.apache.catalina.core.ApplicationContext log
INFO: SessionListener: contextInitialized()
