apr 12, 2014 9:52:20 AM org.apache.catalina.core.ApplicationContext log
INFO: ContextListener: contextInitialized()
apr 12, 2014 9:52:20 AM org.apache.catalina.core.ApplicationContext log
INFO: SessionListener: contextInitialized()
apr 12, 2014 9:58:33 AM org.apache.catalina.core.ApplicationContext log
INFO: SessionListener: contextDestroyed()
apr 12, 2014 9:58:34 AM org.apache.catalina.core.ApplicationContext log
INFO: ContextListener: contextDestroyed()
apr 12, 2014 9:59:02 AM org.apache.catalina.core.ApplicationContext log
INFO: ContextListener: contextInitialized()
apr 12, 2014 9:59:02 AM org.apache.catalina.core.ApplicationContext log
INFO: SessionListener: contextInitialized()
apr 12, 2014 11:04:07 AM org.apache.catalina.core.ApplicationContext log
INFO: SessionListener: contextDestroyed()
apr 12, 2014 11:04:07 AM org.apache.catalina.core.ApplicationContext log
INFO: ContextListener: contextDestroyed()
apr 12, 2014 11:08:18 AM org.apache.catalina.core.ApplicationContext log
INFO: ContextListener: contextInitialized()
apr 12, 2014 11:08:18 AM org.apache.catalina.core.ApplicationContext log
INFO: SessionListener: contextInitialized()
apr 12, 2014 11:10:18 AM org.apache.catalina.core.ApplicationContext log
INFO: SessionListener: contextDestroyed()
apr 12, 2014 11:10:18 AM org.apache.catalina.core.ApplicationContext log
INFO: ContextListener: contextDestroyed()
apr 12, 2014 11:10:53 AM org.apache.catalina.core.ApplicationContext log
INFO: ContextListener: contextInitialized()
apr 12, 2014 11:10:53 AM org.apache.catalina.core.ApplicationContext log
INFO: SessionListener: contextInitialized()
Apr 12, 2014 11:20:01 AM org.apache.catalina.core.ApplicationContext log
INFO: ContextListener: contextInitialized()
Apr 12, 2014 11:20:01 AM org.apache.catalina.core.ApplicationContext log
INFO: SessionListener: contextInitialized()
Apr 12, 2014 10:27:21 PM org.apache.catalina.core.ApplicationContext log
INFO: ContextListener: contextInitialized()
Apr 12, 2014 10:27:21 PM org.apache.catalina.core.ApplicationContext log
INFO: SessionListener: contextInitialized()
